<?xml version="1.0" encoding="UTF-8"?>
<!-- Generated by org.testng.reporters.JUnitReportReporter -->
<testsuite hostname="CVT-QA1" failures="0" tests="1" name="Package.io.FirstTest" time="10.610" errors="0" timestamp="2025-03-13T23:25:44 IST" skipped="0">
  <testcase classname="Package.io.FirstTest" name="test" time="10.610"/>
</testsuite> <!-- Package.io.FirstTest -->
