<?xml version="1.0" encoding="UTF-8"?>
<!-- Generated by org.testng.reporters.JUnitReportReporter -->
<testsuite hostname="CVT-QA1" failures="0" tests="3" name="RunnableClass.Janitorial_Login" time="102.180" errors="1" timestamp="2025-03-18T17:40:23 IST" skipped="1">
  <testcase classname="RunnableClass.Janitorial_Login" name="TC0003" time="90.837">
    <error message="An unknown server-side error occurred while processing the command. Original error: org.eclipse.wst.xml.xpath2.processor.internal.StaticNsNameError: Unknown prefix: com.psb.ivr.
Build info: version: &#039;4.29.0&#039;, revision: &#039;5fc1ec94cb&#039;
System info: os.name: &#039;Windows 11&#039;, os.arch: &#039;amd64&#039;, os.version: &#039;10.0&#039;, java.version: &#039;21.0.6&#039;
Driver info: io.appium.java_client.android.AndroidDriver
Command: [476028df-5941-472c-8d05-c9ed3e3ead07, findElement {using=xpath, value=com.psb.ivr:id/txtStatus}]
Capabilities {appium:allowTestPackages: true, appium:app: C:\Users\Ranji\Ranjith\CREP..., appium:appActivity: com.psb.ivr.activity.Splash..., appium:appPackage: com.psb.ivr, appium:automationName: uiautomator2, appium:databaseEnabled: false, appium:desired: {allowTestPackages: true, app: C:\Users\Ranji\Ranjith\CREP..., automationName: uiautomator2, disableWindowAnimation: false, ignoreHiddenApiPolicyError: true, platformName: ANDROID}, appium:deviceApiLevel: 30, appium:deviceManufacturer: motorola, appium:deviceModel: moto g pure, appium:deviceName: adb-ZD2223B5X9-M9NeAn._adb-..., appium:deviceScreenDensity: 280, appium:deviceScreenSize: 720x1600, appium:deviceUDID: adb-ZD2223B5X9-M9NeAn._adb-..., appium:disableWindowAnimation: false, appium:ignoreHiddenApiPolicyError: true, appium:javascriptEnabled: true, appium:locationContextEnabled: false, appium:networkConnectionEnabled: true, appium:pixelRatio: 1.75, appium:platformVersion: 11, appium:statBarHeight: 54, appium:takesScreenshot: true, appium:viewportRect: {height: 1546, left: 0, top: 54, width: 720}, appium:warnings: {}, appium:webStorageEnabled: false, platformName: ANDROID}
Session ID: 476028df-5941-472c-8d05-c9ed3e3ead07" type="org.openqa.selenium.WebDriverException">
      <![CDATA[org.openqa.selenium.WebDriverException: An unknown server-side error occurred while processing the command. Original error: org.eclipse.wst.xml.xpath2.processor.internal.StaticNsNameError: Unknown prefix: com.psb.ivr.
Build info: version: '4.29.0', revision: '5fc1ec94cb'
System info: os.name: 'Windows 11', os.arch: 'amd64', os.version: '10.0', java.version: '21.0.6'
Driver info: io.appium.java_client.android.AndroidDriver
Command: [476028df-5941-472c-8d05-c9ed3e3ead07, findElement {using=xpath, value=com.psb.ivr:id/txtStatus}]
Capabilities {appium:allowTestPackages: true, appium:app: C:\Users\Ranji\Ranjith\CREP..., appium:appActivity: com.psb.ivr.activity.Splash..., appium:appPackage: com.psb.ivr, appium:automationName: uiautomator2, appium:databaseEnabled: false, appium:desired: {allowTestPackages: true, app: C:\Users\Ranji\Ranjith\CREP..., automationName: uiautomator2, disableWindowAnimation: false, ignoreHiddenApiPolicyError: true, platformName: ANDROID}, appium:deviceApiLevel: 30, appium:deviceManufacturer: motorola, appium:deviceModel: moto g pure, appium:deviceName: adb-ZD2223B5X9-M9NeAn._adb-..., appium:deviceScreenDensity: 280, appium:deviceScreenSize: 720x1600, appium:deviceUDID: adb-ZD2223B5X9-M9NeAn._adb-..., appium:disableWindowAnimation: false, appium:ignoreHiddenApiPolicyError: true, appium:javascriptEnabled: true, appium:locationContextEnabled: false, appium:networkConnectionEnabled: true, appium:pixelRatio: 1.75, appium:platformVersion: 11, appium:statBarHeight: 54, appium:takesScreenshot: true, appium:viewportRect: {height: 1546, left: 0, top: 54, width: 720}, appium:warnings: {}, appium:webStorageEnabled: false, platformName: ANDROID}
Session ID: 476028df-5941-472c-8d05-c9ed3e3ead07
at java.base/jdk.internal.reflect.DirectConstructorHandleAccessor.newInstance(DirectConstructorHandleAccessor.java:62)
at java.base/java.lang.reflect.Constructor.newInstanceWithCaller(Constructor.java:502)
at java.base/java.lang.reflect.Constructor.newInstance(Constructor.java:486)
at org.openqa.selenium.remote.ErrorCodec.decode(ErrorCodec.java:167)
at org.openqa.selenium.remote.codec.w3c.W3CHttpResponseCodec.decode(W3CHttpResponseCodec.java:138)
at org.openqa.selenium.remote.codec.w3c.W3CHttpResponseCodec.decode(W3CHttpResponseCodec.java:50)
at org.openqa.selenium.remote.HttpCommandExecutor.execute(HttpCommandExecutor.java:215)
at io.appium.java_client.remote.AppiumCommandExecutor.execute(AppiumCommandExecutor.java:243)
at org.openqa.selenium.remote.RemoteWebDriver.execute(RemoteWebDriver.java:545)
at org.openqa.selenium.remote.ElementLocation$ElementFinder$2.findElement(ElementLocation.java:165)
at org.openqa.selenium.remote.ElementLocation.findElement(ElementLocation.java:59)
at org.openqa.selenium.remote.RemoteWebDriver.findElement(RemoteWebDriver.java:368)
at org.openqa.selenium.remote.RemoteWebDriver.findElement(RemoteWebDriver.java:362)
at org.openqa.selenium.support.pagefactory.DefaultElementLocator.findElement(DefaultElementLocator.java:68)
at org.openqa.selenium.support.pagefactory.internal.LocatingElementHandler.invoke(LocatingElementHandler.java:38)
at jdk.proxy2/jdk.proxy2.$Proxy14.isDisplayed(Unknown Source)
at org.openqa.selenium.support.ui.ExpectedConditions.elementIfVisible(ExpectedConditions.java:304)
at org.openqa.selenium.support.ui.ExpectedConditions$10.apply(ExpectedConditions.java:290)
at org.openqa.selenium.support.ui.ExpectedConditions$10.apply(ExpectedConditions.java:287)
at org.openqa.selenium.support.ui.FluentWait.until(FluentWait.java:203)
at TestClasses.JanitorialLoginClass.TwoWayLoginWOCompletion(JanitorialLoginClass.java:220)
at RunnableClass.Janitorial_Login.TC0003(Janitorial_Login.java:39)
at java.base/jdk.internal.reflect.DirectMethodHandleAccessor.invoke(DirectMethodHandleAccessor.java:103)
at java.base/java.lang.reflect.Method.invoke(Method.java:580)
at org.testng.internal.invokers.MethodInvocationHelper.invokeMethod(MethodInvocationHelper.java:141)
at org.testng.internal.invokers.TestInvoker.invokeMethod(TestInvoker.java:687)
at org.testng.internal.invokers.TestInvoker.invokeTestMethod(TestInvoker.java:230)
at org.testng.internal.invokers.MethodRunner.runInSequence(MethodRunner.java:63)
at org.testng.internal.invokers.TestInvoker$MethodInvocationAgent.invoke(TestInvoker.java:995)
at org.testng.internal.invokers.TestInvoker.invokeTestMethods(TestInvoker.java:203)
at org.testng.internal.invokers.TestMethodWorker.invokeTestMethods(TestMethodWorker.java:154)
at org.testng.internal.invokers.TestMethodWorker.run(TestMethodWorker.java:134)
at java.base/java.util.ArrayList.forEach(ArrayList.java:1596)
at org.testng.TestRunner.privateRun(TestRunner.java:741)
at org.testng.TestRunner.run(TestRunner.java:616)
at org.testng.SuiteRunner.runTest(SuiteRunner.java:421)
at org.testng.SuiteRunner.runSequentially(SuiteRunner.java:413)
at org.testng.SuiteRunner.privateRun(SuiteRunner.java:373)
at org.testng.SuiteRunner.run(SuiteRunner.java:312)
at org.testng.SuiteRunnerWorker.runSuite(SuiteRunnerWorker.java:52)
at org.testng.SuiteRunnerWorker.run(SuiteRunnerWorker.java:95)
at org.testng.TestNG.runSuitesSequentially(TestNG.java:1274)
at org.testng.TestNG.runSuitesLocally(TestNG.java:1208)
at org.testng.TestNG.runSuites(TestNG.java:1112)
at org.testng.TestNG.run(TestNG.java:1079)
at org.testng.remote.AbstractRemoteTestNG.run(AbstractRemoteTestNG.java:115)
at org.testng.remote.RemoteTestNG.initAndRun(RemoteTestNG.java:293)
at org.testng.remote.RemoteTestNG.main(RemoteTestNG.java:91)
]]>
    </error>
  </testcase> <!-- TC0003 -->
  <testcase classname="RunnableClass.Janitorial_Login" name="TC0001" time="11.343"/>
  <testcase classname="RunnableClass.Janitorial_Login" name="TC0002">
    <skipped/>
  </testcase> <!-- TC0002 -->
</testsuite> <!-- RunnableClass.Janitorial_Login -->
