<?xml version="1.0" encoding="UTF-8"?>
<!-- Generated by org.testng.reporters.JUnitReportReporter -->
<testsuite hostname="CVT-QA1" failures="0" tests="2" name="RunnableClass.Janitorial_Login" time="50.670" errors="0" timestamp="2025-03-14T18:44:30 IST" skipped="0">
  <testcase classname="RunnableClass.Janitorial_Login" name="PermissionScren" time="21.338"/>
  <testcase classname="RunnableClass.Janitorial_Login" name="JanitorialCheckInCheckOut" time="29.332"/>
</testsuite> <!-- RunnableClass.Janitorial_Login -->
