<?xml version="1.0" encoding="UTF-8"?>
<!-- Generated by org.testng.reporters.JUnitReportReporter -->
<testsuite hostname="CVT-QA1" failures="0" tests="2" name="RunnableClass.Janitorial_Login" time="46.704" errors="0" timestamp="2025-03-15T15:21:48 IST" skipped="0">
  <testcase classname="RunnableClass.Janitorial_Login" name="TC0001" time="19.692"/>
  <testcase classname="RunnableClass.Janitorial_Login" name="TC0002" time="27.012"/>
</testsuite> <!-- RunnableClass.Janitorial_Login -->
