<?xml version="1.0" encoding="UTF-8"?>
<!-- Generated by org.testng.reporters.JUnitReportReporter -->
<testsuite hostname="CVT-QA1" failures="0" tests="3" name="RunnableClass.Janitorial_Login" time="142.187" errors="0" timestamp="2025-03-18T19:36:46 IST" skipped="0">
  <testcase classname="RunnableClass.Janitorial_Login" name="TC0001" time="20.431"/>
  <testcase classname="RunnableClass.Janitorial_Login" name="TC0003" time="90.807"/>
  <testcase classname="RunnableClass.Janitorial_Login" name="TC0002" time="30.949"/>
</testsuite> <!-- RunnableClass.Janitorial_Login -->
